dh_installdirs
dh_install
dh_installchangelogs
dh_installdocs
dh_installmenu
dh_installinit
dh_installman
dh_installlogrotate
dh_installdebconf
dh_installexamples
dh_link
dh_gconf
dh_icons
dh_compress
dh_fixperms
dh_installdeb
dh_shlibdeps
dh_gencontrol
dh_md5sums
dh_builddeb
dh_installdirs
dh_install
dh_installchangelogs
dh_installdocs
dh_installmenu
dh_installinit
dh_installman
dh_installlogrotate
dh_installdebconf
dh_installexamples
dh_link
dh_gconf
dh_icons
dh_compress
dh_fixperms
dh_installdeb
dh_shlibdeps
dh_gencontrol
dh_md5sums
dh_builddeb
dh_installdirs
dh_install
dh_installchangelogs
dh_installdocs
dh_installmenu
dh_installinit
dh_installman
dh_installlogrotate
dh_installdebconf
dh_installexamples
dh_link
dh_gconf
dh_icons
dh_compress
dh_fixperms
dh_installdeb
dh_shlibdeps
dh_gencontrol
dh_md5sums
dh_builddeb
dh_installdirs
dh_install
dh_installchangelogs
dh_installdocs
dh_installmenu
dh_installinit
dh_installman
dh_installlogrotate
dh_installdebconf
dh_installexamples
dh_link
dh_gconf
dh_icons
dh_compress
dh_fixperms
dh_installdeb
dh_shlibdeps
dh_gencontrol
dh_md5sums
dh_builddeb
